"../../../RED/Content/RED_content/Materials/GunMaterial.uasset" 0
"../../../Engine/Content/Functions/Engine_MaterialFunctions01/Opacity/CameraDepthFade.uasset" 1
"../../../Engine/Content/EngineMaterials/T_Default_Material_Grid_M.uasset" 2
"../../../Engine/Content/EngineMaterials/T_Default_Material_Grid_N.uasset" 3
"../../../Engine/Content/EngineMaterials/DefaultMaterial.uasset" 4
"../../../Engine/Content/BasicShapes/Cone.uasset" 5
"../../../Engine/Content/BasicShapes/Cylinder.uasset" 6
"../../../Engine/Content/EngineMaterials/WorldGridMaterial.uasset" 7
"../../../Engine/Content/BasicShapes/Plane.uasset" 8
"../../../Engine/Content/BasicShapes/Sphere.uasset" 9
"../../../Engine/Content/EditorLandscapeResources/DataLayer.uasset" 10
"../../../Engine/Content/EditorMaterials/GizmoMaterial.uasset" 11
"../../../Engine/Content/EditorMaterials/MAT_Groups_Toggle.uasset" 12
"../../../Engine/Content/EditorMaterials/MAT_Groups_Visibility.uasset" 13
"../../../Engine/Content/EditorMaterials/PreviewShadowIndicator.uasset" 14
"../../../Engine/Content/EditorMaterials/PreviewShadowIndicatorMaterial.uasset" 15
"../../../Engine/Content/EditorMaterials/MatineeGroups/MAT_ColorTrack.uasset" 16
"../../../Engine/Content/EditorMaterials/MatineeGroups/MAT_Groups_Anim.uasset" 17
"../../../Engine/Content/EditorMaterials/MatineeGroups/MAT_Groups_AudioMaster.uasset" 18
"../../../Engine/Content/EditorMaterials/MatineeGroups/MAT_Groups_Director.uasset" 19
"../../../Engine/Content/EditorMaterials/MatineeGroups/MAT_Groups_Event.uasset" 20
"../../../Engine/Content/EditorMaterials/MatineeGroups/MAT_Groups_Fade.uasset" 21
"../../../Engine/Content/EditorMaterials/MatineeGroups/MAT_Groups_Float.uasset" 22
"../../../Engine/Content/EditorMaterials/MatineeGroups/MAT_Groups_Move.uasset" 23
"../../../Engine/Content/EditorMaterials/MatineeGroups/MAT_Groups_Slomo.uasset" 24
"../../../Engine/Content/EditorMaterials/MatineeGroups/MAT_Groups_Sound.uasset" 25
"../../../Engine/Content/EditorMaterials/MatineeGroups/MAT_Groups_Vector.uasset" 26
"../../../Engine/Content/EditorMaterials/ParticleSystems/PSysThumbnail_NoImage.uasset" 27
"../../../Engine/Content/EditorMaterials/ParticleSystems/PSysThumbnail_OOD.uasset" 28
"../../../Engine/Content/EditorMaterials/Camera/CineMat.uasset" 29
"../../../Engine/Content/EditorMaterials/Camera/MI_CineMat_Rig.uasset" 30
"../../../Engine/Content/EditorMeshes/Camera/SM_CraneRig_Arm.uasset" 31
"../../../Engine/Content/EditorMeshes/Camera/SM_CraneRig_Base.uasset" 32
"../../../Engine/Content/EditorMeshes/Camera/SM_CraneRig_Body.uasset" 33
"../../../Engine/Content/EditorMeshes/Camera/SM_CraneRig_Mount.uasset" 34
"../../../Engine/Content/EditorMeshes/Camera/SM_RailRig_Mount.uasset" 35
"../../../Engine/Content/EditorMeshes/Camera/SM_RailRig_Track.uasset" 36
"../../../Engine/Content/EditorMeshes/ColorCalibrator/M_ChromeBall.uasset" 37
"../../../Engine/Content/EditorMeshes/ColorCalibrator/M_ClearCoat.uasset" 38
"../../../Engine/Content/EditorMeshes/ColorCalibrator/M_ClearCoatBlack.uasset" 39
"../../../Engine/Content/EditorMeshes/ColorCalibrator/Color_checker.uasset" 40
"../../../Engine/Content/EditorMeshes/ColorCalibrator/M_ColorGrid.uasset" 41
"../../../Engine/Content/EditorMeshes/ColorCalibrator/M_GreyBall.uasset" 42
"../../../Engine/Content/EditorMeshes/ColorCalibrator/SM_ColorCalibrator.uasset" 43
"../../../Engine/Content/EditorResources/BSPVertex.uasset" 44
"../../../Engine/Content/EditorResources/EmptyActor.uasset" 45
"../../../Engine/Content/EditorResources/S_Actor.uasset" 46
"../../../Engine/Content/EditorResources/S_Trigger.uasset" 47
"../../../Engine/Content/EditorResources/SequenceRecorder/Countdown.uasset" 48
"../../../Engine/Content/EditorResources/SequenceRecorder/RecordingIndicator.uasset" 49
"../../../Engine/Content/EditorSounds/Notifications/CompileFailed.uasset" 50
"../../../Engine/Content/EditorSounds/Notifications/CompileFailed_Cue.uasset" 51
"../../../Engine/Content/EditorSounds/Notifications/CompileSuccess.uasset" 52
"../../../Engine/Content/EditorSounds/Notifications/CompileStart_Cue.uasset" 53
"../../../Engine/Content/EditorSounds/Notifications/CompileSuccess_Cue.uasset" 54
"../../../Engine/Content/EngineDamageTypes/DmgTypeBP_Environmental.uasset" 55
"../../../Engine/Content/EngineDebugMaterials/HeatmapGradient.uasset" 56
"../../../Engine/Content/EngineDebugMaterials/BoneWeightMaterial.uasset" 57
"../../../Engine/Content/EngineDebugMaterials/ClothMaterial.uasset" 58
"../../../Engine/Content/EngineDebugMaterials/ClothMaterial_WF.uasset" 59
"../../../Engine/Content/EngineDebugMaterials/DebugEditorMaterial.uasset" 60
"../../../Engine/Content/EngineDebugMaterials/DebugMeshMaterial.uasset" 61
"../../../Engine/Content/EngineDebugMaterials/GeomMaterial.uasset" 62
"../../../Engine/Content/EngineFonts/Faces/RobotoBold.uasset" 63
"../../../Engine/Content/EngineFonts/Faces/RobotoBoldItalic.uasset" 64
"../../../Engine/Content/EngineFonts/Faces/RobotoItalic.uasset" 65
"../../../Engine/Content/EngineFonts/Faces/RobotoLight.uasset" 66
"../../../Engine/Content/EngineFonts/Faces/RobotoRegular.uasset" 67
"../../../Engine/Content/EngineFonts/Roboto.uasset" 68
"../../../Engine/Content/EngineFonts/Faces/RobotoTiny.uasset" 69
"../../../Engine/Content/EngineFonts/RobotoTiny.uasset" 70
"../../../Engine/Content/EngineMaterials/DefaultBloomKernel.uasset" 71
"../../../Engine/Content/EngineMaterials/DefaultBokeh.uasset" 72
"../../../Engine/Content/EngineMaterials/DefaultDiffuse.uasset" 73
"../../../Engine/Content/EngineMaterials/DefaultDeferredDecalMaterial.uasset" 74
"../../../Engine/Content/EngineMaterials/DefaultLightFunctionMaterial.uasset" 75
"../../../Engine/Content/EngineMaterials/DefaultPhysicalMaterial.uasset" 76
"../../../Engine/Content/Functions/Engine_MaterialFunctions02/Utility/BreakOutFloat2Components.uasset" 77
"../../../Engine/Content/EngineMaterials/DefaultPostProcessMaterial.uasset" 78
"../../../Engine/Content/EngineFonts/RobotoDistanceField.uasset" 79
"../../../Engine/Content/EngineMaterials/DefaultTextMaterialOpaque.uasset" 80
"../../../Engine/Content/EngineMaterials/DefaultWhiteGrid.uasset" 81
"../../../Engine/Content/EngineMaterials/EditorBrushMaterial.uasset" 82
"../../../Engine/Content/EngineMaterials/Good64x64TilingNoiseHighFreq.uasset" 83
"../../../Engine/Content/EngineMaterials/MiniFont.uasset" 84
"../../../Engine/Content/EngineMaterials/InvalidLightmapSettings.uasset" 85
"../../../Engine/Content/EngineMaterials/M_InvalidLightmapSettings.uasset" 86
"../../../Engine/Content/Functions/Engine_MaterialFunctions02/WorldPositionOffset/CameraOffset.uasset" 87
"../../../Engine/Content/EngineMaterials/PhAT_JointLimitMaterial.uasset" 88
"../../../Engine/Content/EngineMaterials/PreintegratedSkinBRDF.uasset" 89
"../../../Engine/Content/EngineMaterials/RemoveSurfaceMaterial.uasset" 90
"../../../Engine/Content/EngineMaterials/WeightMapPlaceholderTexture.uasset" 91
"../../../Engine/Content/EngineResources/WhiteSquareTexture.uasset" 92
"../../../Engine/Content/EngineMaterials/Widget3DPassThrough.uasset" 93
"../../../Engine/Content/EngineMaterials/Widget3DPassThrough_Masked.uasset" 94
"../../../Engine/Content/EngineMaterials/Widget3DPassThrough_Opaque.uasset" 95
"../../../Engine/Content/EngineMaterials/Widget3DPassThrough_Masked_OneSided.uasset" 96
"../../../Engine/Content/EngineMaterials/Widget3DPassThrough_Opaque_OneSided.uasset" 97
"../../../Engine/Content/EngineMaterials/Widget3DPassThrough_Translucent.uasset" 98
"../../../Engine/Content/EngineMaterials/Widget3DPassThrough_Translucent_OneSided.uasset" 99
"../../../Engine/Content/EngineMeshes/Cube.uasset" 100
"../../../Engine/Content/EngineMeshes/Cylinder.uasset" 101
"../../../Engine/Content/EngineMeshes/Sphere.uasset" 102
"../../../Engine/Content/EngineResources/Black.uasset" 103
"../../../Engine/Content/EngineResources/DefaultTexture.uasset" 104
"../../../Engine/Content/EngineResources/DefaultTextureCube.uasset" 105
"../../../Engine/Content/EngineResources/GradientTexture0.uasset" 106
"../../../Engine/Content/EngineSounds/Master.uasset" 107
"../../../Engine/Content/Functions/Engine_MaterialFunctions01/Shading/ConvertFromDiffSpec.uasset" 108
"../../../Engine/Content/Functions/Engine_MaterialFunctions01/Shading/PowerToRoughness.uasset" 109
"../../../Engine/Content/Maps/Templates/Thumbnails/Default.uasset" 110
"../../../Engine/Content/Maps/Templates/Thumbnails/VR-Basic.uasset" 111
"../../../Engine/Content/MobileResources/T_MobileControls_texture.uasset" 112
"../../../Engine/Content/MobileResources/T_MobileMenu2.uasset" 113
"../../../Engine/Content/MobileResources/HUD/AnalogHat.uasset" 114
"../../../Engine/Content/MobileResources/HUD/VirtualJoystick_Background.uasset" 115
"../../../Engine/Content/MobileResources/HUD/VirtualJoystick_Thumb.uasset" 116
"../../../Engine/Content/MobileResources/HUD/DefaultVirtualJoysticks.uasset" 117
"../../../Engine/Content/MobileResources/HUD/LeftVirtualJoystickOnly.uasset" 118
"../../../Engine/Content/MobileResources/HUD/MobileHUDButton1_off.uasset" 119
"../../../Engine/Content/MobileResources/HUD/MobileHUDButton1_on.uasset" 120
"../../../Engine/Content/MobileResources/HUD/MobileHUDButton2_off.uasset" 121
"../../../Engine/Content/MobileResources/HUD/MobileHUDButton2_on.uasset" 122
"../../../Engine/Content/MobileResources/HUD/MobileHUDButton3.uasset" 123
"../../../Engine/Content/MobileResources/HUD/MobileHUDButtonFire.uasset" 124
"../../../Engine/Content/MobileResources/HUD/MobileHUDDirectionPad.uasset" 125
"../../../Engine/Content/MobileResources/HUD/MobileHUDDirectionPad2.uasset" 126
"../../../Engine/Content/MobileResources/HUD/MobileHUDDirectionPad3.uasset" 127
"../../../Engine/Content/MobileResources/HUD/MobileHUDDirectionStick.uasset" 128
"../../../Engine/Content/MobileResources/HUD/T_Castle_ThumbstickInner.uasset" 129
"../../../Engine/Content/MobileResources/HUD/T_Castle_ThumbstickOutter.uasset" 130
"../../../Engine/Content/Tutorial/ContentIntroCurve.uasset" 131
"../../../Engine/Content/Tutorial/Basics/TutorialAssets/icon_tab_Levels_40x.uasset" 132
"../../../Engine/Content/Tutorial/BlueprintTutorials/TutorialAssets/BlueprintInterface_64x.uasset" 133
"../../../Engine/Content/Tutorial/BlueprintTutorials/TutorialAssets/BlueprintMacroLibrary_64x.uasset" 134
"../../../Engine/Content/Tutorial/BlueprintTutorials/TutorialAssets/Blueprint_64x.uasset" 135
"../../../Engine/Content/Tutorial/BlueprintTutorials/TutorialAssets/Tutorial_BP_Interface.uasset" 136
"../../../Engine/Content/Tutorial/Foliage/TutorialAssets/Foliage.uasset" 137
"../../../Engine/Content/Tutorial/Landscape/TutorialAssets/Landscape.uasset" 138
"../../../Engine/Content/Tutorial/Paper2D/TutorialAssets/Paper2DFlipbook_TutorialIcon.uasset" 139
"../../../Engine/Content/Tutorial/Paper2D/TutorialAssets/Paper2DSprite_TutorialIcon.uasset" 140
"../../../Engine/Content/Tutorial/SubEditors/TutorialAssets/icon_Editor_Preferences_General_40x.uasset" 141
"../../../Engine/Content/Tutorial/SubEditors/TutorialAssets/icon_ShowSkeletalMeshes_40x.uasset" 142
"../../../Engine/Content/Tutorial/SubEditors/TutorialAssets/TutorialMaterial.uasset" 143
"../../../Engine/Content/Tutorial/SubEditors/TutorialAssets/T_SmokeSubUV_8X8.uasset" 144
"../../../Engine/Content/Tutorial/SubEditors/TutorialAssets/T_soft_smoke.uasset" 145
"../../../Engine/Content/Tutorial/SubEditors/TutorialAssets/M_smoke_subUV_blackbody.uasset" 146
"../../../Engine/Content/Tutorial/SubEditors/TutorialAssets/TutorialParticleSystem.uasset" 147
"../../../Engine/Content/VREditor/Devices/Generic/GenericHMDMaterial.uasset" 148
"../../../Engine/Content/VREditor/Devices/Generic/GenericHMD.uasset" 149
"../../../Engine/Content/VREditor/FloatingText/LineMaterial.uasset" 150
"../../../Engine/Content/VREditor/FloatingText/JointSphere.uasset" 151
"../../../Engine/Content/VREditor/FloatingText/LineSegmentCylinder.uasset" 152
"../../../Engine/Content/VREditor/Fonts/VRText_RobotoLarge.uasset" 153
"../../../Engine/Content/VREditor/Fonts/VRTextMaterial.uasset" 154
"../../../Engine/Content/VREditor/Fonts/TranslucentVRTextMaterial.uasset" 155
"../../../Engine/Content/VREditor/LaserPointer/CursorPointer.uasset" 156
"../../../Engine/Content/VREditor/LaserPointer/VR_LaserPower_01.uasset" 157
"../../../Engine/Content/VREditor/TransformGizmo/TransformGizmoMaterial.uasset" 158
"../../../Engine/Content/VREditor/LaserPointer/HoverMaterial.uasset" 159
"../../../Engine/Content/VREditor/TransformGizmo/TranslucentTransformGizmoMaterial.uasset" 160
"../../../Engine/Content/VREditor/LaserPointer/TranslucentHoverMaterial.uasset" 161
"../../../Engine/Content/VREditor/LaserPointer/HoverMesh.uasset" 162
"../../../Engine/Content/VREditor/LaserPointer/LaserPointerMaterial.uasset" 163
"../../../Engine/Content/VREditor/LaserPointer/LaserPointerMaterialInst.uasset" 164
"../../../Engine/Content/VREditor/LaserPointer/TranslucentLaserPointerMaterialInst.uasset" 165
"../../../Engine/Content/VREditor/LaserPointer/LaserPointerMesh.uasset" 166
"../../../Engine/Content/VREditor/LaserPointer/LaserPointerMesh_End.uasset" 167
"../../../Engine/Content/VREditor/LaserPointer/LaserPointerMesh_Start.uasset" 168
"../../../Engine/Content/Functions/Engine_MaterialFunctions02/Utility/BreakOutFloat3Components.uasset" 169
"../../../Engine/Content/Functions/Engine_MaterialFunctions02/Math/Transform3x3Matrix.uasset" 170
"../../../Engine/Content/Functions/Engine_MaterialFunctions02/SplitComponents.uasset" 171
"../../../Engine/Content/Functions/Engine_MaterialFunctions02/Utility/MakeFloat3.uasset" 172
"../../../Engine/Content/VREditor/SnapGrid/SnapGridMaterial.uasset" 173
"../../../Engine/Content/VREditor/SnapGrid/SnapGridPlaneMesh.uasset" 174
"../../../Engine/Content/VREditor/Sounds/VR_teleport.uasset" 175
"../../../Engine/Content/VREditor/Sounds/UI/Click_on_Button_Cue.uasset" 176
"../../../Engine/Content/VREditor/Sounds/UI/Dockable_Window_Close.uasset" 177
"../../../Engine/Content/VREditor/Sounds/UI/Dockable_Window_Drop.uasset" 178
"../../../Engine/Content/VREditor/Sounds/UI/Dockable_Window_Open.uasset" 179
"../../../Engine/Content/VREditor/Sounds/UI/Dockable_Window_Pick_Up.uasset" 180
"../../../Engine/Content/VREditor/Sounds/UI/Drop_Item_From_ContentBrowser.uasset" 181
"../../../Engine/Content/VREditor/Sounds/UI/Floating_UI_Open-001.uasset" 182
"../../../Engine/Content/VREditor/Sounds/UI/Gizmo_Handle_Clicked.uasset" 183
"../../../Engine/Content/VREditor/Sounds/UI/Object_PickUp.uasset" 184
"../../../Engine/Content/VREditor/Sounds/UI/Object_Snaps_To_Another_Actor.uasset" 185
"../../../Engine/Content/VREditor/Sounds/UI/Object_Snaps_To_Grid.uasset" 186
"../../../Engine/Content/VREditor/Sounds/UI/Radial_Menu_FadeOut.uasset" 187
"../../../Engine/Content/VREditor/Sounds/UI/Scaling_Down.uasset" 188
"../../../Engine/Content/VREditor/Sounds/UI/Scaling_Up.uasset" 189
"../../../Engine/Content/VREditor/Sounds/UI/Selection_Changes.uasset" 190
"../../../Engine/Content/VREditor/Sounds/UI/Teleport_Mode_Entered.uasset" 191
"../../../Engine/Content/VREditor/Teleport/TeleportDirectionMaterial.uasset" 192
"../../../Engine/Content/VREditor/Teleport/TeleportDirectionMaterial_Inst.uasset" 193
"../../../Engine/Content/VREditor/Teleport/TeleportDirectionMesh.uasset" 194
"../../../Engine/Content/VREditor/TransformGizmo/BoundingBoxCorner.uasset" 195
"../../../Engine/Content/VREditor/TransformGizmo/BoundingBoxEdge.uasset" 196
"../../../Engine/Content/VREditor/TransformGizmo/PlaneTranslationHandle.uasset" 197
"../../../Engine/Content/VREditor/TransformGizmo/RotationHandleFull.uasset" 198
"../../../Engine/Content/VREditor/TransformGizmo/RotationHandleIndicator.uasset" 199
"../../../Engine/Content/VREditor/TransformGizmo/RotationHandleQuarter.uasset" 200
"../../../Engine/Content/VREditor/TransformGizmo/Main.uasset" 201
"../../../Engine/Content/VREditor/TransformGizmo/Xray.uasset" 202
"../../../Engine/Content/VREditor/TransformGizmo/SM_Dialog_Close.uasset" 203
"../../../Engine/Content/VREditor/TransformGizmo/SM_Dialog_Move.uasset" 204
"../../../Engine/Content/VREditor/TransformGizmo/SM_Sequencer_Key.uasset" 205
"../../../Engine/Content/VREditor/TransformGizmo/SM_Sequencer_Node.uasset" 206
"../../../Engine/Content/VREditor/TransformGizmo/StartRotationHandleIndicator.uasset" 207
"../../../Engine/Content/VREditor/TransformGizmo/TranslucentTransformGizmoMaterial_Inst.uasset" 208
"../../../Engine/Content/VREditor/TransformGizmo/TransformGizmoFreeRotation.uasset" 209
"../../../Engine/Content/VREditor/TransformGizmo/TransformGizmoMaterial_Inst.uasset" 210
"../../../Engine/Content/VREditor/TransformGizmo/TranslateArrowHandle.uasset" 211
"../../../Engine/Content/VREditor/TransformGizmo/UniformScaleHandle.uasset" 212
"../../../Engine/Content/VREditor/UI/KeyDiskMaterial.uasset" 213
"../../../Engine/Content/VREditor/UI/DiscMaterial.uasset" 214
"../../../Engine/Content/VREditor/UI/SM_Radial_Disk.uasset" 215
"../../../Engine/Content/Functions/Engine_MaterialFunctions01/Gradient/RadialGradient.uasset" 216
"../../../Engine/Content/VREditor/WorldMovementGrid/SimpleGrid.uasset" 217
"../../../Engine/Content/VREditor/WorldMovementGrid/GridMaterial.uasset" 218
"../../../Engine/Content/Functions/Engine_MaterialFunctions01/Density/ExponentialDensity.uasset" 219
"../../../Engine/Content/VREditor/WorldMovementGrid/GridPostProcess.uasset" 220
"../../../Engine/Content/EditorLandscapeResources/FlattenHeightMat.uasset" 221
"../../../Engine/Content/VREditor/WorldMovementGrid/PlaneMesh.uasset" 222
"../../../Engine/Plugins/2D/Paper2D/Content/PlaceholderTextures/DummySpriteTexture.uasset" 223
"../../../Engine/Plugins/2D/Paper2D/Content/DummySprite.uasset" 224
"../../../Engine/Plugins/2D/Paper2D/Content/DefaultPaperTerrainMaterial.uasset" 225
"../../../Engine/Plugins/2D/Paper2D/Content/DefaultSpriteMaterial.uasset" 226
"../../../Engine/Plugins/2D/Paper2D/Content/MaskedUnlitSpriteMaterial.uasset" 227
"../../../Engine/Plugins/2D/Paper2D/Content/OpaqueUnlitSpriteMaterial.uasset" 228
"../../../Engine/Plugins/Media/MediaCompositing/Content/DefaultMediaPlaneMaterial.uasset" 229
"../../../Engine/Content/Functions/Engine_MaterialFunctions02/Utility/MakeFloat4.uasset" 230
"../../../Engine/Plugins/Runtime/AppleARKit/Content/ARKitCameraMaterial.uasset" 231
"../../../Engine/Plugins/Runtime/Oculus/OculusVR/Content/Textures/GearVRController_AO.uasset" 232
"../../../Engine/Plugins/Runtime/Oculus/OculusVR/Content/Textures/GearVRController_Color.uasset" 233
"../../../Engine/Plugins/Runtime/Oculus/OculusVR/Content/Textures/GearVRController_Normal.uasset" 234
"../../../Engine/Plugins/Runtime/Oculus/OculusVR/Content/Materials/GearVRControllerMaterial.uasset" 235
"../../../Engine/Plugins/Runtime/Oculus/OculusVR/Content/Meshes/GearVrController.uasset" 236
"../../../RED/Content/RED_content/Materials/ColumnMat.uasset" 237
"../../../RED/Content/StarterContent/Materials/M_Basic_Wall.uasset" 238
"../../../RED/Content/StarterContent/Shapes/Shape_Cube.uasset" 239
"../../../RED/Content/RED_content/Blueprints/Misc/EnemyCubes/BaseEnemyCube.uasset" 240
"../../../RED/Content/RED_content/Blueprints/Misc/EnemyCubes/BasicEnemyBlock.uasset" 241
"../../../RED/Content/RED_content/Blueprints/Misc/EnemyCubes/LargeEnemyBlock.uasset" 242
"../../../RED/Content/RED_content/Blueprints/Misc/EnemyCubes/SmallEnemyBlock.uasset" 243
"../../../RED/Content/RED_content/Blueprints/Misc/EnemyCubes/XLEnemyBlock.uasset" 244
"../../../RED/Content/RED_content/Blueprints/Misc/IDamageable.uasset" 245
"../../../RED/Content/RED_content/Blueprints/Misc/Pickups/FloatingPickupController.uasset" 246
"../../../RED/Content/FirstPerson/Character/Mesh/SK_Mannequin_Arms_Skeleton.uasset" 247
"../../../RED/Content/FirstPerson/Animations/FirstPerson_Idle.uasset" 248
"../../../RED/Content/FirstPerson/Animations/FirstPerson_JumpEnd.uasset" 249
"../../../RED/Content/FirstPerson/Animations/FirstPerson_JumpLoop.uasset" 250
"../../../RED/Content/FirstPerson/Animations/FirstPerson_JumpStart.uasset" 251
"../../../RED/Content/FirstPerson/Animations/FirstPerson_Run.uasset" 252
"../../../Engine/Content/EditorBlueprintResources/StandardMacros.uasset" 253
"../../../RED/Content/FirstPerson/Animations/FirstPerson_AnimBP.uasset" 254
"../../../RED/Content/AnimationAssets/UE4_Mannequin/Mesh/UE4_Mannequin_Skeleton.uasset" 255
"../../../RED/Content/RED_content/Animations/EnemyAnimations/Death_1.uasset" 256
"../../../RED/Content/RED_content/Animations/EnemyAnimations/Death_2.uasset" 257
"../../../RED/Content/RED_content/Animations/EnemyAnimations/Death_3.uasset" 258
"../../../RED/Content/AnimationAssets/Enemy_Idle.uasset" 259
"../../../RED/Content/AnimationAssets/Enemy_Walk.uasset" 260
"../../../RED/Content/RED_content/Animations/EnemyAnimations/EnemyBlendSpace.uasset" 261
"../../../RED/Content/RED_content/Animations/EnemyAnimations/EnemyAnimation.uasset" 262
"../../../RED/Content/RED_content/Blueprints/Enemies/EnemyController.uasset" 263
"../../../RED/Content/RED_content/Materials/EnemyMaterial.uasset" 264
"../../../Engine/Content/Functions/Engine_MaterialFunctions02/Utility/BlendAngleCorrectedNormals.uasset" 265
"../../../Engine/Content/Functions/MaterialLayerFunctions/MatLayerBlend_AO.uasset" 266
"../../../Engine/Content/Functions/MaterialLayerFunctions/MatLayerBlend_NormalBlend.uasset" 267
"../../../Engine/Content/Functions/MaterialLayerFunctions/MatLayerBlend_Simple.uasset" 268
"../../../RED/Content/AnimationAssets/UE4_Mannequin/Materials/MaterialLayers/T_ML_Rubber_Blue_01_D.uasset" 269
"../../../RED/Content/AnimationAssets/UE4_Mannequin/Materials/MaterialLayers/T_ML_Rubber_Blue_01_N.uasset" 270
"../../../RED/Content/AnimationAssets/UE4_Mannequin/Materials/MaterialLayers/ML_GlossyBlack_Latex_UE4.uasset" 271
"../../../RED/Content/AnimationAssets/UE4_Mannequin/Materials/MaterialLayers/ML_Plastic_Shiny_Beige.uasset" 272
"../../../RED/Content/AnimationAssets/UE4_Mannequin/Textures/UE4_LOGO_CARD.uasset" 273
"../../../RED/Content/AnimationAssets/UE4_Mannequin/Materials/MaterialLayers/ML_Plastic_Shiny_Beige_LOGO.uasset" 274
"../../../RED/Content/AnimationAssets/UE4_Mannequin/Materials/MaterialLayers/T_ML_Aluminum01.uasset" 275
"../../../RED/Content/AnimationAssets/UE4_Mannequin/Materials/MaterialLayers/T_ML_Aluminum01_N.uasset" 276
"../../../RED/Content/AnimationAssets/UE4_Mannequin/Materials/MaterialLayers/ML_SoftMetal_UE4.uasset" 277
"../../../RED/Content/AnimationAssets/UE4_Mannequin/Textures/UE4_Mannequin__normals.uasset" 278
"../../../RED/Content/AnimationAssets/UE4_Mannequin/Textures/UE4_Mannequin_MAT_MASKA.uasset" 279
"../../../RED/Content/AnimationAssets/UE4_Mannequin/Textures/UE4_Mannequin_occlusion_Mobile.uasset" 280
"../../../RED/Content/AnimationAssets/UE4_Mannequin/Materials/M_UE4Man_Body.uasset" 281
"../../../RED/Content/AnimationAssets/UE4_Mannequin/Textures/UE4Man_Logo_N.uasset" 282
"../../../RED/Content/AnimationAssets/UE4_Mannequin/Materials/M_UE4Man_ChestLogo.uasset" 283
"../../../RED/Content/AnimationAssets/UE4_Mannequin/Mesh/SK_Mannequin_PhysicsAsset.uasset" 284
"../../../RED/Content/AnimationAssets/UE4_Mannequin/Mesh/SK_Mannequin.uasset" 285
"../../../RED/Content/RED_content/Blueprints/Enemies/Enemy.uasset" 286
"../../../RED/Content/RED_content/Gun_Assets/m4a1_s_weapon002.uasset" 287
"../../../RED/Content/RED_content/Blueprints/Player/Weapon.uasset" 288
"../../../RED/Content/RED_content/Blueprints/Enemies/SmallEnemy.uasset" 289
"../../../RED/Content/RED_content/Blueprints/Spawners/WorkingBasicEnemySpawner.uasset" 290
"../../../RED/Content/RED_content/Blueprints/Spawners/SmallEnemySpawner.uasset" 291
"../../../RED/Content/RED_content/Materials/LargeEnemyMat.uasset" 292
"../../../RED/Content/RED_content/Blueprints/Enemies/Large_Enemy.uasset" 293
"../../../RED/Content/RED_content/Blueprints/Spawners/WorkingLargeEnemySpawner.uasset" 294
"../../../RED/Content/RED_content/Blueprints/Enemies/XLEnemy.uasset" 295
"../../../RED/Content/RED_content/Blueprints/Spawners/XLEnemySpawner.uasset" 296
"../../../RED/Content/RED_content/Blueprints/UI/PC_BP.uasset" 297
"../../../RED/Content/RED_content/Blueprints/UI/nasalizationFont.uasset" 298
"../../../RED/Content/RED_content/Blueprints/UI/Nassilisation.uasset" 299
"../../../RED/Content/RED_content/Blueprints/UI/crosshair.uasset" 300
"../../../RED/Content/RED_content/Blueprints/UI/HUD.uasset" 301
"../../../RED/Content/RED_content/Blueprints/UI/PrometheusFont.uasset" 302
"../../../RED/Content/RED_content/Blueprints/UI/Sci-fi.uasset" 303
"../../../RED/Content/RED_content/Blueprints/UI/MainMenu.uasset" 304
"../../../RED/Content/RED_content/Blueprints/UI/ConfirmQuit.uasset" 305
"../../../RED/Content/RED_content/Blueprints/UI/ConfirmRestart.uasset" 306
"../../../RED/Content/RED_content/Blueprints/UI/PauseMenu.uasset" 307
"../../../RED/Content/RED_content/Blueprints/Misc/REDGameMode_BP.uasset" 308
"../../../RED/Content/RED_content/Materials/BulletMat.uasset" 309
"../../../RED/Content/StarterContent/Particles/Materials/M_Radial_Gradient.uasset" 310
"../../../RED/Content/StarterContent/Textures/T_Spark_Core.uasset" 311
"../../../RED/Content/StarterContent/Particles/Materials/M_Spark.uasset" 312
"../../../RED/Content/RED_content/FX/EnemySparks.uasset" 313
"../../../RED/Content/StarterContent/Props/MaterialSphere.uasset" 314
"../../../RED/Content/RED_content/Blueprints/Player/Bullet_1.uasset" 315
"../../../RED/Content/FirstPerson/Character/Materials/MaterialLayers/T_ML_Rubber_Blue_01_D.uasset" 316
"../../../RED/Content/FirstPerson/Character/Materials/MaterialLayers/T_ML_Rubber_Blue_01_N.uasset" 317
"../../../RED/Content/FirstPerson/Character/Materials/MaterialLayers/ML_GlossyBlack_Latex_UE4.uasset" 318
"../../../RED/Content/FirstPerson/Character/Materials/MaterialLayers/ML_Plastic_Shiny_Beige.uasset" 319
"../../../RED/Content/FirstPerson/Character/Textures/UE4_LOGO_CARD.uasset" 320
"../../../RED/Content/FirstPerson/Character/Materials/MaterialLayers/ML_Plastic_Shiny_Beige_LOGO.uasset" 321
"../../../RED/Content/FirstPerson/Character/Materials/MaterialLayers/T_ML_Aluminum01.uasset" 322
"../../../RED/Content/FirstPerson/Character/Materials/MaterialLayers/T_ML_Aluminum01_N.uasset" 323
"../../../RED/Content/FirstPerson/Character/Materials/MaterialLayers/ML_SoftMetal_UE4.uasset" 324
"../../../RED/Content/FirstPerson/Character/Textures/UE4_Mannequin__normals.uasset" 325
"../../../RED/Content/FirstPerson/Character/Textures/UE4_Mannequin_MAT_MASKA.uasset" 326
"../../../RED/Content/FirstPerson/Character/Materials/M_UE4Man_Body.uasset" 327
"../../../RED/Content/FirstPerson/Character/Mesh/SK_Mannequin_Arms_PhysicsAsset.uasset" 328
"../../../RED/Content/RED_content/Animations/FirstPerson/Character/Mesh/SK_Mannequin_Arms.uasset" 329
"../../../RED/Content/RED_content/Blueprints/Misc/LaserSound.uasset" 330
"../../../RED/Content/RED_content/Blueprints/Player/Player.uasset" 331
"../../../RED/Content/StarterContent/Textures/T_Smoke_SubUV.uasset" 332
"../../../RED/Content/StarterContent/Textures/T_Smoke_Tiled_D.uasset" 333
"../../../RED/Content/StarterContent/Particles/Materials/M_smoke_subUV.uasset" 334
"../../../RED/Content/RED_content/FX/P_Sparks.uasset" 335
"../../../RED/Content/RED_content/Blueprints/Misc/Pickups/FloatingHealthPickup.uasset" 336
"../../../RED/Content/RED_content/Blueprints/Spaners/WorkingBasicEnemySpawner.uasset" 337
"../../../RED/Content/RED_content/Blueprints/Misc/Pickups/PickupSpawner.uasset" 338
"../../../RED/Content/RED_content/Maps/SecondLevel_BuiltData.uasset" 339
"../../../Engine/Content/BasicShapes/Cube.uasset" 340
"../../../RED/Content/RED_content/Maps/SecondLevel.umap" 341
"../../../Engine/Content/Maps/Entry.umap" 342
